<?xml version="1.0" encoding="UTF-8"?>
<!-- Generated by org.testng.reporters.JUnitXMLReporter -->
<testsuite ignored="0" hostname="LAPTOP-9D3JI9T6" failures="0" tests="3" name="Test" time="73.66" errors="0" timestamp="2024-09-25T10:03:05 IST">
  <testcase classname="testNG_Package.demoqa_parallelbrowsing" name="h" time="43.837"/>
  <testcase classname="testNG_Package.demoqa_parallelbrowsing" name="f" time="70.484"/>
  <testcase classname="testNG_Package.demoqa_parallelbrowsing" name="g" time="73.349"/>
</testsuite> <!-- Test -->
