<?xml version="1.0" encoding="UTF-8"?>
<testng-results ignored="0" total="1" passed="1" failed="0" skipped="0">
  <reporter-output>
  </reporter-output>
  <suite started-at="2024-09-25T20:28:02 IST" name="Default suite" finished-at="2024-09-25T20:28:09 IST" duration-ms="6937">
    <groups>
    </groups>
    <test started-at="2024-09-25T20:28:02 IST" name="Default test" finished-at="2024-09-25T20:28:09 IST" duration-ms="6937">
      <class name="pagefactorytest.Saucedemomain_pagefactory">
        <test-method is-config="true" signature="setup()[pri:0, instance:pagefactorytest.Saucedemomain_pagefactory@6e0f5f7f]" started-at="2024-09-25T20:28:02 IST" name="setup" finished-at="2024-09-25T20:28:08 IST" duration-ms="5903" status="PASS">
          <reporter-output>
          </reporter-output>
        </test-method> <!-- setup -->
        <test-method signature="f()[pri:0, instance:pagefactorytest.Saucedemomain_pagefactory@6e0f5f7f]" started-at="2024-09-25T20:28:08 IST" name="f" finished-at="2024-09-25T20:28:09 IST" duration-ms="849" status="PASS">
          <reporter-output>
          </reporter-output>
        </test-method> <!-- f -->
        <test-method is-config="true" signature="afterTest()[pri:0, instance:pagefactorytest.Saucedemomain_pagefactory@6e0f5f7f]" started-at="2024-09-25T20:28:09 IST" name="afterTest" finished-at="2024-09-25T20:28:09 IST" duration-ms="1" status="PASS">
          <reporter-output>
          </reporter-output>
        </test-method> <!-- afterTest -->
      </class> <!-- pagefactorytest.Saucedemomain_pagefactory -->
    </test> <!-- Default test -->
  </suite> <!-- Default suite -->
</testng-results>
